{"devicePlatform":"","logFolder":"D:\\KatalonStudio\\KatalonSamplePoc\\SampleProject\\Reports\\TS_RegressionTest\\20180618_084208","runData":{"hostName":"Zulfaquar - DESKTOP-I3VEVNM","os":"Windows 10 64bit","katalonVersion":"5.4.2.1","browser":"Chrome 67.0.3396.87","hostAddress":"192.168.1.6","sessionId":"b8f2326b63980bcffefec2707bb0254c","seleniumVersion":"3.7.1","proxyInformation":"ProxyInformation{proxyOption\u003dNO_PROXY, proxyServerType\u003dHTTP, password\u003d, proxyServerAddress\u003d, proxyServerPort\u003d0}","platform":"Windows 10"},"type":"TEST_SUITE","name":"TS_RegressionTest","id":"Test Suites/TS_RegressionTest","source":"","message":"Test Cases/Main Test Cases/TC1_Verify Successful Login FAILED because (of) Unable to click on object \u0027Object Repository/Page_CuraHomepage/btn_MakeAppointment\u0027 (Root cause: com.kms.katalon.core.webui.exception.WebElementNotFoundException: Web element with id: \u0027Object Repository/Page_CuraHomepage/btn_MakeAppointment\u0027 located by \u0027By.xpath: //*[@id \u003d \u0027btn-make-appointment\u0027]\u0027 not found)","description":"","startTime":1529291530612,"endTime":1529291603222,"childRecords":[{"isOptional":false,"type":"TEST_CASE","name":"Test Cases/Main Test Cases/TC1_Verify Successful Login","id":"Test Cases/Main Test Cases/TC1_Verify Successful Login","source":"D:\\\\KatalonStudio\\\\KatalonSamplePoc\\\\SampleProject\\\\Test Cases\\\\Main Test Cases\\\\TC1_Verify Successful Login.tc","message":"Test Cases/Main Test Cases/TC1_Verify Successful Login FAILED because (of) Unable to click on object \u0027Object Repository/Page_CuraHomepage/btn_MakeAppointment\u0027 (Root cause: com.kms.katalon.core.webui.exception.WebElementNotFoundException: Web element with id: \u0027Object Repository/Page_CuraHomepage/btn_MakeAppointment\u0027 located by \u0027By.xpath: //*[@id \u003d \u0027btn-make-appointment\u0027]\u0027 not found)","description":"Verify if users can login successful. \\n\\nSteps:\\n- Click on \u0027Book Appointment\u0027 button to login\\n- Input username and password\\n- Click on \u0027Login\u0027 button\\n\\nExpected result:\\n\u0027Appointment\u0027 section is displayed after successful login","startTime":1529291531201,"endTime":1529291586451,"childRecords":[{"testStatus":{"stackTrace":"","statusValue":"INFO"},"type":"MESSAGE","name":"","message":"Evaluating variables for test case","startTime":1529291531250,"endTime":0,"childRecords":[],"interuppted":false},{"testStatus":{"stackTrace":"","statusValue":"INFO"},"type":"MESSAGE","name":"","message":"Variable \u0027Username\u0027 is set to John Doe as default","startTime":1529291531358,"endTime":0,"childRecords":[],"interuppted":false},{"testStatus":{"stackTrace":"","statusValue":"INFO"},"type":"MESSAGE","name":"","message":"Variable \u0027Password\u0027 is set to ThisIsNotAPassword as default","startTime":1529291531376,"endTime":0,"childRecords":[],"interuppted":false},{"index":1,"isIgnoredIfFailed":false,"type":"TEST_STEP","name":"comment","message":"Story: Login to CURA system","description":"","startTime":1529291531920,"endTime":1529291532053,"childRecords":[],"interuppted":false},{"index":2,"isIgnoredIfFailed":false,"type":"TEST_STEP","name":"comment","message":"Given that the user has the valid login information","description":"","startTime":1529291532059,"endTime":1529291532074,"childRecords":[],"interuppted":false},{"index":3,"isIgnoredIfFailed":false,"type":"TEST_STEP","name":"openBrowser","message":"Browser is opened with url: \u0027http://demoaut.katalon.com2\u0027","description":"","startTime":1529291532080,"endTime":1529291554179,"childRecords":[{"testStatus":{"stackTrace":"","statusValue":"PASSED"},"type":"MESSAGE","name":"","message":"Browser is opened with url: \u0027http://demoaut.katalon.com2\u0027","startTime":1529291554177,"endTime":0,"childRecords":[],"interuppted":false}],"interuppted":false},{"attachment":"1529291586061.png","index":4,"isIgnoredIfFailed":false,"type":"TEST_STEP","name":"click","message":"Unable to click on object \u0027Object Repository/Page_CuraHomepage/btn_MakeAppointment\u0027 (Root cause: com.kms.katalon.core.webui.exception.WebElementNotFoundException: Web element with id: \u0027Object Repository/Page_CuraHomepage/btn_MakeAppointment\u0027 located by \u0027By.xpath: //*[@id \u003d \u0027btn-make-appointment\u0027]\u0027 not found)","description":"","startTime":1529291554181,"endTime":1529291586444,"childRecords":[{"testStatus":{"stackTrace":"","statusValue":"FAILED"},"attachment":"1529291586061.png","type":"MESSAGE","name":"","message":"Unable to click on object \u0027Object Repository/Page_CuraHomepage/btn_MakeAppointment\u0027 (Root cause: com.kms.katalon.core.webui.exception.WebElementNotFoundException: Web element with id: \u0027Object Repository/Page_CuraHomepage/btn_MakeAppointment\u0027 located by \u0027By.xpath: //*[@id \u003d \u0027btn-make-appointment\u0027]\u0027 not found)","startTime":1529291586439,"endTime":0,"childRecords":[],"interuppted":false}],"interuppted":false},{"testStatus":{"stackTrace":"","statusValue":"FAILED"},"type":"MESSAGE","name":"","message":"Test Cases/Main Test Cases/TC1_Verify Successful Login FAILED because (of) Unable to click on object \u0027Object Repository/Page_CuraHomepage/btn_MakeAppointment\u0027 (Root cause: com.kms.katalon.core.webui.exception.WebElementNotFoundException: Web element with id: \u0027Object Repository/Page_CuraHomepage/btn_MakeAppointment\u0027 located by \u0027By.xpath: //*[@id \u003d \u0027btn-make-appointment\u0027]\u0027 not found)","startTime":1529291586445,"endTime":0,"childRecords":[],"interuppted":false}],"interuppted":false},{"isOptional":false,"type":"TEST_CASE","name":"Test Cases/Main Test Cases/TC2_Verify Successful Appointment","id":"Test Cases/Main Test Cases/TC2_Verify Successful Appointment","source":"D:\\\\KatalonStudio\\\\KatalonSamplePoc\\\\SampleProject\\\\Test Cases\\\\Main Test Cases\\\\TC2_Verify Successful Appointment.tc","message":"Test Cases/Main Test Cases/TC2_Verify Successful Appointment FAILED because (of) Variable \u0027WebUICustomKeywords\u0027 is not defined for test case.","description":"Verify if users can book an appointment sucessfully.\\nPre-condition: Users have already logged in\\n\\nSteps:\\n- Fill in appoinment\u0027s information\\n- Click on appointment\u0027s button\\n\\nExpected results:\\nAppointment Confirmation page is displayed","startTime":1529291586489,"endTime":1529291603185,"childRecords":[{"testStatus":{"stackTrace":"","statusValue":"INFO"},"type":"MESSAGE","name":"","message":"Evaluating variables for test case","startTime":1529291586521,"endTime":0,"childRecords":[],"interuppted":false},{"index":1,"isIgnoredIfFailed":false,"type":"TEST_STEP","name":"Statement - Try","description":"","startTime":1529291586754,"endTime":1529291602352,"childRecords":[{"index":1,"isIgnoredIfFailed":false,"type":"TEST_STEP","name":"comment","message":"Story: Book an appointment","description":"","startTime":1529291586756,"endTime":1529291586762,"childRecords":[],"interuppted":false},{"index":2,"isIgnoredIfFailed":false,"type":"TEST_STEP","name":"comment","message":"Given that the user has logged into their account","description":"","startTime":1529291586763,"endTime":1529291586776,"childRecords":[],"interuppted":false},{"index":3,"isIgnoredIfFailed":false,"type":"TEST_STEP","name":"openBrowser","message":"Browser is opened with url: \u0027http://demoaut.katalon.com2\u0027","description":"","startTime":1529291586780,"endTime":1529291602346,"childRecords":[{"testStatus":{"stackTrace":"","statusValue":"WARNING"},"type":"MESSAGE","name":"","message":"A browser is already opened. Closing browser and opening a new one","startTime":1529291586788,"endTime":0,"childRecords":[],"interuppted":false},{"testStatus":{"stackTrace":"","statusValue":"PASSED"},"type":"MESSAGE","name":"","message":"Browser is opened with url: \u0027http://demoaut.katalon.com2\u0027","startTime":1529291602345,"endTime":0,"childRecords":[],"interuppted":false}],"interuppted":false},{"index":4,"isIgnoredIfFailed":false,"type":"TEST_STEP","name":"Statement - WebUI.callTestCase(com.kms.katalon.core.testcase.TestCaseFactory.findTestCase(Common Test Cases/Login), [\"Username\":\"John Doe\", \"Password\":\"ThisIsNotAPassword\"], STOP_ON_FAILURE)","description":"","startTime":1529291602347,"endTime":1529291602351,"childRecords":[],"interuppted":false}],"interuppted":false},{"index":2,"isIgnoredIfFailed":false,"type":"TEST_STEP","name":"Statement - Catch (Throwable t)","description":"","startTime":1529291602352,"endTime":1529291602357,"childRecords":[{"index":1,"isIgnoredIfFailed":false,"type":"TEST_STEP","name":"Statement - Throw t","description":"","startTime":1529291602353,"endTime":1529291602356,"childRecords":[],"interuppted":false}],"interuppted":false},{"index":3,"isIgnoredIfFailed":false,"type":"TEST_STEP","name":"Statement - Finally","message":"Browser is closed","description":"","startTime":1529291602357,"endTime":1529291603178,"childRecords":[{"index":1,"isIgnoredIfFailed":false,"type":"TEST_STEP","name":"closeBrowser","message":"Browser is closed","description":"","startTime":1529291602359,"endTime":1529291603177,"childRecords":[{"testStatus":{"stackTrace":"","statusValue":"PASSED"},"type":"MESSAGE","name":"","message":"Browser is closed","startTime":1529291603177,"endTime":0,"childRecords":[],"interuppted":false}],"interuppted":false}],"interuppted":false},{"testStatus":{"stackTrace":"","statusValue":"ERROR"},"type":"MESSAGE","name":"","message":"Test Cases/Main Test Cases/TC2_Verify Successful Appointment FAILED because (of) Variable \u0027WebUICustomKeywords\u0027 is not defined for test case.","startTime":1529291603180,"endTime":0,"childRecords":[],"interuppted":false}],"interuppted":false}],"interuppted":false}