{"devicePlatform":"","logFolder":"D:\\KatalonStudio\\KatalonSamplePoc\\SampleProject\\Reports\\TS_RegressionTest\\20180618_084600","runData":{"hostName":"Zulfaquar - DESKTOP-I3VEVNM","os":"Windows 10 64bit","katalonVersion":"5.4.2.1","browser":"Chrome 67.0.3396.87","hostAddress":"192.168.1.6","sessionId":"89f915560ef8ab3dfd36494006f358c4","seleniumVersion":"3.7.1","proxyInformation":"ProxyInformation{proxyOption\u003dNO_PROXY, proxyServerType\u003dHTTP, password\u003d, proxyServerAddress\u003d, proxyServerPort\u003d0}","platform":"Windows 10"},"type":"TEST_SUITE","name":"TS_RegressionTest","id":"Test Suites/TS_RegressionTest","source":"","message":"Test Cases/Main Test Cases/TC2_Verify Successful Appointment FAILED because (of) Variable \u0027WebUICustomKeywords\u0027 is not defined for test case.","description":"","startTime":1529291762292,"endTime":1529291770507,"childRecords":[{"isOptional":false,"type":"TEST_CASE","name":"Test Cases/Main Test Cases/TC2_Verify Successful Appointment","id":"Test Cases/Main Test Cases/TC2_Verify Successful Appointment","source":"D:\\\\KatalonStudio\\\\KatalonSamplePoc\\\\SampleProject\\\\Test Cases\\\\Main Test Cases\\\\TC2_Verify Successful Appointment.tc","message":"Test Cases/Main Test Cases/TC2_Verify Successful Appointment FAILED because (of) Variable \u0027WebUICustomKeywords\u0027 is not defined for test case.","description":"Verify if users can book an appointment sucessfully.\\nPre-condition: Users have already logged in\\n\\nSteps:\\n- Fill in appoinment\u0027s information\\n- Click on appointment\u0027s button\\n\\nExpected results:\\nAppointment Confirmation page is displayed","startTime":1529291763087,"endTime":1529291770450,"childRecords":[{"testStatus":{"stackTrace":"","statusValue":"INFO"},"type":"MESSAGE","name":"","message":"Evaluating variables for test case","startTime":1529291763130,"endTime":0,"childRecords":[],"interuppted":false},{"index":1,"isIgnoredIfFailed":false,"type":"TEST_STEP","name":"Statement - Try","description":"","startTime":1529291763572,"endTime":1529291769589,"childRecords":[{"index":1,"isIgnoredIfFailed":false,"type":"TEST_STEP","name":"comment","message":"Story: Book an appointment","description":"","startTime":1529291763575,"endTime":1529291763637,"childRecords":[],"interuppted":false},{"index":2,"isIgnoredIfFailed":false,"type":"TEST_STEP","name":"comment","message":"Given that the user has logged into their account","description":"","startTime":1529291763638,"endTime":1529291763643,"childRecords":[],"interuppted":false},{"index":3,"isIgnoredIfFailed":false,"type":"TEST_STEP","name":"openBrowser","message":"Browser is opened with url: \u0027http://demoaut.katalon.com\u0027","description":"","startTime":1529291763644,"endTime":1529291769581,"childRecords":[{"testStatus":{"stackTrace":"","statusValue":"PASSED"},"type":"MESSAGE","name":"","message":"Browser is opened with url: \u0027http://demoaut.katalon.com\u0027","startTime":1529291769580,"endTime":0,"childRecords":[],"interuppted":false}],"interuppted":false},{"index":4,"isIgnoredIfFailed":false,"type":"TEST_STEP","name":"Statement - WebUI.callTestCase(com.kms.katalon.core.testcase.TestCaseFactory.findTestCase(Common Test Cases/Login), [\"Username\":\"John Doe\", \"Password\":\"ThisIsNotAPassword\"], STOP_ON_FAILURE)","description":"","startTime":1529291769583,"endTime":1529291769588,"childRecords":[],"interuppted":false}],"interuppted":false},{"index":2,"isIgnoredIfFailed":false,"type":"TEST_STEP","name":"Statement - Catch (Throwable t)","description":"","startTime":1529291769589,"endTime":1529291769594,"childRecords":[{"index":1,"isIgnoredIfFailed":false,"type":"TEST_STEP","name":"Statement - Throw t","description":"","startTime":1529291769591,"endTime":1529291769592,"childRecords":[],"interuppted":false}],"interuppted":false},{"index":3,"isIgnoredIfFailed":false,"type":"TEST_STEP","name":"Statement - Finally","message":"Browser is closed","description":"","startTime":1529291769595,"endTime":1529291770426,"childRecords":[{"index":1,"isIgnoredIfFailed":false,"type":"TEST_STEP","name":"closeBrowser","message":"Browser is closed","description":"","startTime":1529291769596,"endTime":1529291770424,"childRecords":[{"testStatus":{"stackTrace":"","statusValue":"PASSED"},"type":"MESSAGE","name":"","message":"Browser is closed","startTime":1529291770422,"endTime":0,"childRecords":[],"interuppted":false}],"interuppted":false}],"interuppted":false},{"testStatus":{"stackTrace":"","statusValue":"ERROR"},"type":"MESSAGE","name":"","message":"Test Cases/Main Test Cases/TC2_Verify Successful Appointment FAILED because (of) Variable \u0027WebUICustomKeywords\u0027 is not defined for test case.","startTime":1529291770434,"endTime":0,"childRecords":[],"interuppted":false}],"interuppted":false}],"interuppted":false}