<?xml version="1.0" encoding="UTF-8"?>
<testsuites name="TS_RegressionTest" time="8" tests="0" failures="0" errors="1">
   <testsuite name="TS_RegressionTest" tests="0" failures="0" errors="1" time="8" timestamp="2018-06-18 08:46:02" hostname="Zulfaquar - DESKTOP-I3VEVNM" id="Test Suites/TS_RegressionTest">
      <properties>
         <property name="deviceName" value=""/>
         <property name="devicePlatform" value=""/>
         <property name="logFolder" value="D:\\KatalonStudio\\KatalonSamplePoc\\SampleProject\\Reports\\TS_RegressionTest\\20180618_084600"/>
         <property name="logFiles" value="D:\\KatalonStudio\\KatalonSamplePoc\\SampleProject\\Reports\\TS_RegressionTest\\20180618_084600\\execution0.log"/>
         <property name="attachments" value=""/>
         <property name="hostName" value="Zulfaquar - DESKTOP-I3VEVNM"/>
         <property name="os" value="Windows 10 64bit"/>
         <property name="katalonVersion" value="5.4.2.1"/>
         <property name="browser" value="Chrome 67.0.3396.87"/>
         <property name="hostAddress" value="192.168.1.6"/>
         <property name="sessionId" value="89f915560ef8ab3dfd36494006f358c4"/>
         <property name="seleniumVersion" value="3.7.1"/>
         <property name="proxyInformation" value="ProxyInformation{proxyOption=NO_PROXY, proxyServerType=HTTP, password=, proxyServerAddress=, proxyServerPort=0}"/>
         <property name="platform" value="Windows 10"/>
      </properties>
      <testcase name="Test Cases/Main Test Cases/TC2_Verify Successful Appointment" classname="Test Cases/Main Test Cases/TC2_Verify Successful Appointment" status="ERROR">
         <error type="ERROR" message="Test Cases/Main Test Cases/TC2_Verify Successful Appointment FAILED because (of) Variable 'WebUICustomKeywords' is not defined for test case."/>
         <system-out><![CDATA[2018-06-18 08:46:03 - [TEST_CASE][ERROR] - Test Cases/Main Test Cases/TC2_Verify Successful Appointment: Test Cases/Main Test Cases/TC2_Verify Successful Appointment FAILED because (of) Variable 'WebUICustomKeywords' is not defined for test case.

2018-06-18 08:46:03 - [TEST_STEP][PASSED] - Statement - Try: null

2018-06-18 08:46:03 - [TEST_STEP][PASSED] - comment: Story: Book an appointment

2018-06-18 08:46:03 - [TEST_STEP][PASSED] - comment: Given that the user has logged into their account

2018-06-18 08:46:03 - [TEST_STEP][PASSED] - openBrowser: Browser is opened with url: 'http://demoaut.katalon.com'

2018-06-18 08:46:09 - [MESSAGE][PASSED] - Browser is opened with url: 'http://demoaut.katalon.com'

2018-06-18 08:46:09 - [TEST_STEP][PASSED] - Statement - WebUI.callTestCase(com.kms.katalon.core.testcase.TestCaseFactory.findTestCase(Common Test Cases/Login), ["Username":"John Doe", "Password":"ThisIsNotAPassword"], STOP_ON_FAILURE): null

2018-06-18 08:46:09 - [TEST_STEP][PASSED] - Statement - Catch (Throwable t): null

2018-06-18 08:46:09 - [TEST_STEP][PASSED] - Statement - Throw t: null

2018-06-18 08:46:09 - [TEST_STEP][PASSED] - Statement - Finally: Browser is closed

2018-06-18 08:46:09 - [TEST_STEP][PASSED] - closeBrowser: Browser is closed

2018-06-18 08:46:10 - [MESSAGE][PASSED] - Browser is closed]]></system-out>
         <system-err><![CDATA[2018-06-18 08:46:03 - [TEST_CASE][ERROR] - Test Cases/Main Test Cases/TC2_Verify Successful Appointment: Test Cases/Main Test Cases/TC2_Verify Successful Appointment FAILED because (of) Variable 'WebUICustomKeywords' is not defined for test case.]]></system-err>
      </testcase>
      <system-out><![CDATA[2018-06-18 08:46:02 - [TEST_SUITE][ERROR] - TS_RegressionTest: Test Cases/Main Test Cases/TC2_Verify Successful Appointment FAILED because (of) Variable 'WebUICustomKeywords' is not defined for test case.]]></system-out>
      <system-err><![CDATA[2018-06-18 08:46:02 - [TEST_SUITE][ERROR] - TS_RegressionTest: Test Cases/Main Test Cases/TC2_Verify Successful Appointment FAILED because (of) Variable 'WebUICustomKeywords' is not defined for test case.]]></system-err>
   </testsuite>
</testsuites>
